# JRE version: OpenJDK Runtime Environment (8.0_242-b01) (build 1.8.0_242-release-1644-b01)
# Java VM: OpenJDK 64-Bit Server VM (25.242-b01 mixed mode windows-amd64 compressed oops)
Heap:
 PSYoungGen      total 584704K, used 545474K [0x00000000d5580000, 0x0000000100000000, 0x0000000100000000)
  eden space 486912K, 92% used [0x00000000d5580000,0x00000000f0b0a3d0,0x00000000f3100000)
  from space 97792K, 99% used [0x00000000f3100000,0x00000000f90265f0,0x00000000f9080000)
  to   space 114176K, 0% used [0x00000000f9080000,0x00000000f9080000,0x0000000100000000)
 ParOldGen       total 210432K, used 173143K [0x0000000080000000, 0x000000008cd80000, 0x00000000d5580000)
  object space 210432K, 82% used [0x0000000080000000,0x000000008a915d48,0x000000008cd80000)
 Metaspace       used 120374K, capacity 127868K, committed 128152K, reserved 1161216K
  class space    used 15355K, capacity 16742K, committed 16816K, reserved 1048576K
GC Heap History (10 events):
Event: 131.390 GC heap before
{Heap before GC invocations=27 (full 4):
 PSYoungGen      total 637952K, used 612975K [0x00000000d5580000, 0x0000000100000000, 0x0000000100000000)
  eden space 582656K, 100% used [0x00000000d5580000,0x00000000f8e80000,0x00000000f8e80000)
  from space 55296K, 54% used [0x00000000fc400000,0x00000000fe19bc40,0x00000000ffa00000)
  to   space 54784K, 0% used [0x00000000f8e80000,0x00000000f8e80000,0x00000000fc400000)
 ParOldGen       total 210432K, used 124743K [0x0000000080000000, 0x000000008cd80000, 0x00000000d5580000)
  object space 210432K, 59% used [0x0000000080000000,0x00000000879d1c80,0x000000008cd80000)
 Metaspace       used 98785K, capacity 104266K, committed 104600K, reserved 1140736K
  class space    used 12662K, capacity 13643K, committed 13744K, reserved 1048576K
Event: 131.464 GC heap after
Heap after GC invocations=27 (full 4):
 PSYoungGen      total 637440K, used 54776K [0x00000000d5580000, 0x0000000100000000, 0x0000000100000000)
  eden space 582656K, 0% used [0x00000000d5580000,0x00000000d5580000,0x00000000f8e80000)
  from space 54784K, 99% used [0x00000000f8e80000,0x00000000fc3fe208,0x00000000fc400000)
  to   space 61440K, 0% used [0x00000000fc400000,0x00000000fc400000,0x0000000100000000)
 ParOldGen       total 210432K, used 168234K [0x0000000080000000, 0x000000008cd80000, 0x00000000d5580000)
  object space 210432K, 79% used [0x0000000080000000,0x000000008a44a920,0x000000008cd80000)
 Metaspace       used 98785K, capacity 104266K, committed 104600K, reserved 1140736K
  class space    used 12662K, capacity 13643K, committed 13744K, reserved 1048576K
}
Event: 322.261 GC heap before
{Heap before GC invocations=28 (full 4):
 PSYoungGen      total 637440K, used 637432K [0x00000000d5580000, 0x0000000100000000, 0x0000000100000000)
  eden space 582656K, 100% used [0x00000000d5580000,0x00000000f8e80000,0x00000000f8e80000)
  from space 54784K, 99% used [0x00000000f8e80000,0x00000000fc3fe208,0x00000000fc400000)
  to   space 61440K, 0% used [0x00000000fc400000,0x00000000fc400000,0x0000000100000000)
 ParOldGen       total 210432K, used 168234K [0x0000000080000000, 0x000000008cd80000, 0x00000000d5580000)
  object space 210432K, 79% used [0x0000000080000000,0x000000008a44a920,0x000000008cd80000)
 Metaspace       used 114039K, capacity 120496K, committed 120600K, reserved 1155072K
  class space    used 14646K, capacity 15825K, committed 15920K, reserved 1048576K
Event: 322.313 GC heap after
Heap after GC invocations=28 (full 4):
 PSYoungGen      total 586240K, used 61428K [0x00000000d5580000, 0x0000000100000000, 0x0000000100000000)
  eden space 524800K, 0% used [0x00000000d5580000,0x00000000d5580000,0x00000000f5600000)
  from space 61440K, 99% used [0x00000000fc400000,0x00000000ffffd128,0x0000000100000000)
  to   space 87040K, 0% used [0x00000000f5600000,0x00000000f5600000,0x00000000fab00000)
 ParOldGen       total 210432K, used 172958K [0x0000000080000000, 0x000000008cd80000, 0x00000000d5580000)
  object space 210432K, 82% used [0x0000000080000000,0x000000008a8e7aa8,0x000000008cd80000)
 Metaspace       used 114039K, capacity 120496K, committed 120600K, reserved 1155072K
  class space    used 14646K, capacity 15825K, committed 15920K, reserved 1048576K
}
Event: 1873.352 GC heap before
{Heap before GC invocations=29 (full 4):
 PSYoungGen      total 586240K, used 586228K [0x00000000d5580000, 0x0000000100000000, 0x0000000100000000)
  eden space 524800K, 100% used [0x00000000d5580000,0x00000000f5600000,0x00000000f5600000)
  from space 61440K, 99% used [0x00000000fc400000,0x00000000ffffd128,0x0000000100000000)
  to   space 87040K, 0% used [0x00000000f5600000,0x00000000f5600000,0x00000000fab00000)
 ParOldGen       total 210432K, used 172958K [0x0000000080000000, 0x000000008cd80000, 0x00000000d5580000)
  object space 210432K, 82% used [0x0000000080000000,0x000000008a8e7aa8,0x000000008cd80000)
 Metaspace       used 119317K, capacity 126648K, committed 126744K, reserved 1159168K
  class space    used 15249K, capacity 16626K, committed 16688K, reserved 1048576K
Event: 1873.512 GC heap after
Heap after GC invocations=29 (full 4):
 PSYoungGen      total 572928K, used 69669K [0x00000000d5580000, 0x00000000ff880000, 0x0000000100000000)
  eden space 502784K, 0% used [0x00000000d5580000,0x00000000d5580000,0x00000000f4080000)
  from space 70144K, 99% used [0x00000000f5600000,0x00000000f9a097b0,0x00000000f9a80000)
  to   space 94208K, 0% used [0x00000000f9c80000,0x00000000f9c80000,0x00000000ff880000)
 ParOldGen       total 210432K, used 173135K [0x0000000080000000, 0x000000008cd80000, 0x00000000d5580000)
  object space 210432K, 82% used [0x0000000080000000,0x000000008a913d48,0x000000008cd80000)
 Metaspace       used 119317K, capacity 126648K, committed 126744K, reserved 1159168K
  class space    used 15249K, capacity 16626K, committed 16688K, reserved 1048576K
}
Event: 1876.744 GC heap before
{Heap before GC invocations=30 (full 4):
 PSYoungGen      total 572928K, used 572452K [0x00000000d5580000, 0x00000000ff880000, 0x0000000100000000)
  eden space 502784K, 99% used [0x00000000d5580000,0x00000000f407fae8,0x00000000f4080000)
  from space 70144K, 99% used [0x00000000f5600000,0x00000000f9a097b0,0x00000000f9a80000)
  to   space 94208K, 0% used [0x00000000f9c80000,0x00000000f9c80000,0x00000000ff880000)
 ParOldGen       total 210432K, used 173135K [0x0000000080000000, 0x000000008cd80000, 0x00000000d5580000)
  object space 210432K, 82% used [0x0000000080000000,0x000000008a913d48,0x000000008cd80000)
 Metaspace       used 120278K, capacity 127722K, committed 127896K, reserved 1161216K
  class space    used 15348K, capacity 16733K, committed 16816K, reserved 1048576K
Event: 1876.815 GC heap after
Heap after GC invocations=30 (full 4):
 PSYoungGen      total 581120K, used 85693K [0x00000000d5580000, 0x0000000100000000, 0x0000000100000000)
  eden space 486912K, 0% used [0x00000000d5580000,0x00000000d5580000,0x00000000f3100000)
  from space 94208K, 90% used [0x00000000f9c80000,0x00000000ff02f538,0x00000000ff880000)
  to   space 105984K, 0% used [0x00000000f3100000,0x00000000f3100000,0x00000000f9880000)
 ParOldGen       total 210432K, used 173143K [0x0000000080000000, 0x000000008cd80000, 0x00000000d5580000)
  object space 210432K, 82% used [0x0000000080000000,0x000000008a915d48,0x000000008cd80000)
 Metaspace       used 120278K, capacity 127722K, committed 127896K, reserved 1161216K
  class space    used 15348K, capacity 16733K, committed 16816K, reserved 1048576K
}
Event: 1877.523 GC heap before
{Heap before GC invocations=31 (full 4):
 PSYoungGen      total 581120K, used 572605K [0x00000000d5580000, 0x0000000100000000, 0x0000000100000000)
  eden space 486912K, 100% used [0x00000000d5580000,0x00000000f3100000,0x00000000f3100000)
  from space 94208K, 90% used [0x00000000f9c80000,0x00000000ff02f538,0x00000000ff880000)
  to   space 105984K, 0% used [0x00000000f3100000,0x00000000f3100000,0x00000000f9880000)
 ParOldGen       total 210432K, used 173143K [0x0000000080000000, 0x000000008cd80000, 0x00000000d5580000)
  object space 210432K, 82% used [0x0000000080000000,0x000000008a915d48,0x000000008cd80000)
 Metaspace       used 120324K, capacity 127816K, committed 128152K, reserved 1161216K
  class space    used 15350K, capacity 16734K, committed 16816K, reserved 1048576K
Event: 1877.577 GC heap after
Heap after GC invocations=31 (full 4):
 PSYoungGen      total 584704K, used 97433K [0x00000000d5580000, 0x0000000100000000, 0x0000000100000000)
  eden space 486912K, 0% used [0x00000000d5580000,0x00000000d5580000,0x00000000f3100000)
  from space 97792K, 99% used [0x00000000f3100000,0x00000000f90265f0,0x00000000f9080000)
  to   space 114176K, 0% used [0x00000000f9080000,0x00000000f9080000,0x0000000100000000)
 ParOldGen       total 210432K, used 173143K [0x0000000080000000, 0x000000008cd80000, 0x00000000d5580000)
  object space 210432K, 82% used [0x0000000080000000,0x000000008a915d48,0x000000008cd80000)
 Metaspace       used 120324K, capacity 127816K, committed 128152K, reserved 1161216K
  class space    used 15350K, capacity 16734K, committed 16816K, reserved 1048576K
}

