# JRE version: OpenJDK Runtime Environment (8.0_242-b01) (build 1.8.0_242-release-1644-b01)
# Java VM: OpenJDK 64-Bit Server VM (25.242-b01 mixed mode windows-amd64 compressed oops)
Heap:
 PSYoungGen      total 427520K, used 80737K [0x00000000d5580000, 0x00000000f2480000, 0x0000000100000000)
  eden space 380928K, 18% used [0x00000000d5580000,0x00000000d9b0a6d0,0x00000000ec980000)
  from space 46592K, 20% used [0x00000000ec980000,0x00000000ed2cde50,0x00000000ef700000)
  to   space 46592K, 0% used [0x00000000ef700000,0x00000000ef700000,0x00000000f2480000)
 ParOldGen       total 268288K, used 175945K [0x0000000080000000, 0x0000000090600000, 0x00000000d5580000)
  object space 268288K, 65% used [0x0000000080000000,0x000000008abd2560,0x0000000090600000)
 Metaspace       used 85121K, capacity 89704K, committed 91928K, reserved 1128448K
  class space    used 11425K, capacity 12271K, committed 12848K, reserved 1048576K
GC Heap History (10 events):
Event: 20.162 GC heap before
{Heap before GC invocations=29 (full 4):
 PSYoungGen      total 427520K, used 388068K [0x00000000d5580000, 0x00000000f2480000, 0x0000000100000000)
  eden space 380928K, 100% used [0x00000000d5580000,0x00000000ec980000,0x00000000ec980000)
  from space 46592K, 15% used [0x00000000ef700000,0x00000000efdf90a0,0x00000000f2480000)
  to   space 46592K, 0% used [0x00000000ec980000,0x00000000ec980000,0x00000000ef700000)
 ParOldGen       total 268288K, used 135355K [0x0000000080000000, 0x0000000090600000, 0x00000000d5580000)
  object space 268288K, 50% used [0x0000000080000000,0x000000008842ecf0,0x0000000090600000)
 Metaspace       used 84892K, capacity 89398K, committed 91672K, reserved 1128448K
  class space    used 11417K, capacity 12264K, committed 12848K, reserved 1048576K
Event: 20.189 GC heap after
Heap after GC invocations=29 (full 4):
 PSYoungGen      total 427520K, used 13319K [0x00000000d5580000, 0x00000000f2480000, 0x0000000100000000)
  eden space 380928K, 0% used [0x00000000d5580000,0x00000000d5580000,0x00000000ec980000)
  from space 46592K, 28% used [0x00000000ec980000,0x00000000ed681c88,0x00000000ef700000)
  to   space 46592K, 0% used [0x00000000ef700000,0x00000000ef700000,0x00000000f2480000)
 ParOldGen       total 268288K, used 140878K [0x0000000080000000, 0x0000000090600000, 0x00000000d5580000)
  object space 268288K, 52% used [0x0000000080000000,0x0000000088993918,0x0000000090600000)
 Metaspace       used 84892K, capacity 89398K, committed 91672K, reserved 1128448K
  class space    used 11417K, capacity 12264K, committed 12848K, reserved 1048576K
}
Event: 20.783 GC heap before
{Heap before GC invocations=30 (full 4):
 PSYoungGen      total 427520K, used 394247K [0x00000000d5580000, 0x00000000f2480000, 0x0000000100000000)
  eden space 380928K, 100% used [0x00000000d5580000,0x00000000ec980000,0x00000000ec980000)
  from space 46592K, 28% used [0x00000000ec980000,0x00000000ed681c88,0x00000000ef700000)
  to   space 46592K, 0% used [0x00000000ef700000,0x00000000ef700000,0x00000000f2480000)
 ParOldGen       total 268288K, used 140878K [0x0000000080000000, 0x0000000090600000, 0x00000000d5580000)
  object space 268288K, 52% used [0x0000000080000000,0x0000000088993918,0x0000000090600000)
 Metaspace       used 85013K, capacity 89538K, committed 91928K, reserved 1128448K
  class space    used 11419K, capacity 12264K, committed 12848K, reserved 1048576K
Event: 20.808 GC heap after
Heap after GC invocations=30 (full 4):
 PSYoungGen      total 427520K, used 16295K [0x00000000d5580000, 0x00000000f2480000, 0x0000000100000000)
  eden space 380928K, 0% used [0x00000000d5580000,0x00000000d5580000,0x00000000ec980000)
  from space 46592K, 34% used [0x00000000ef700000,0x00000000f06e9f20,0x00000000f2480000)
  to   space 46592K, 0% used [0x00000000ec980000,0x00000000ec980000,0x00000000ef700000)
 ParOldGen       total 268288K, used 147697K [0x0000000080000000, 0x0000000090600000, 0x00000000d5580000)
  object space 268288K, 55% used [0x0000000080000000,0x000000008903c528,0x0000000090600000)
 Metaspace       used 85013K, capacity 89538K, committed 91928K, reserved 1128448K
  class space    used 11419K, capacity 12264K, committed 12848K, reserved 1048576K
}
Event: 21.361 GC heap before
{Heap before GC invocations=31 (full 4):
 PSYoungGen      total 427520K, used 397223K [0x00000000d5580000, 0x00000000f2480000, 0x0000000100000000)
  eden space 380928K, 100% used [0x00000000d5580000,0x00000000ec980000,0x00000000ec980000)
  from space 46592K, 34% used [0x00000000ef700000,0x00000000f06e9f20,0x00000000f2480000)
  to   space 46592K, 0% used [0x00000000ec980000,0x00000000ec980000,0x00000000ef700000)
 ParOldGen       total 268288K, used 147697K [0x0000000080000000, 0x0000000090600000, 0x00000000d5580000)
  object space 268288K, 55% used [0x0000000080000000,0x000000008903c528,0x0000000090600000)
 Metaspace       used 85032K, capacity 89602K, committed 91928K, reserved 1128448K
  class space    used 11419K, capacity 12264K, committed 12848K, reserved 1048576K
Event: 21.394 GC heap after
Heap after GC invocations=31 (full 4):
 PSYoungGen      total 427520K, used 19977K [0x00000000d5580000, 0x00000000f2480000, 0x0000000100000000)
  eden space 380928K, 0% used [0x00000000d5580000,0x00000000d5580000,0x00000000ec980000)
  from space 46592K, 42% used [0x00000000ec980000,0x00000000edd02770,0x00000000ef700000)
  to   space 46592K, 0% used [0x00000000ef700000,0x00000000ef700000,0x00000000f2480000)
 ParOldGen       total 268288K, used 154803K [0x0000000080000000, 0x0000000090600000, 0x00000000d5580000)
  object space 268288K, 57% used [0x0000000080000000,0x000000008972cd38,0x0000000090600000)
 Metaspace       used 85032K, capacity 89602K, committed 91928K, reserved 1128448K
  class space    used 11419K, capacity 12264K, committed 12848K, reserved 1048576K
}
Event: 21.991 GC heap before
{Heap before GC invocations=32 (full 4):
 PSYoungGen      total 427520K, used 400905K [0x00000000d5580000, 0x00000000f2480000, 0x0000000100000000)
  eden space 380928K, 100% used [0x00000000d5580000,0x00000000ec980000,0x00000000ec980000)
  from space 46592K, 42% used [0x00000000ec980000,0x00000000edd02770,0x00000000ef700000)
  to   space 46592K, 0% used [0x00000000ef700000,0x00000000ef700000,0x00000000f2480000)
 ParOldGen       total 268288K, used 154803K [0x0000000080000000, 0x0000000090600000, 0x00000000d5580000)
  object space 268288K, 57% used [0x0000000080000000,0x000000008972cd38,0x0000000090600000)
 Metaspace       used 85081K, capacity 89636K, committed 91928K, reserved 1128448K
  class space    used 11425K, capacity 12271K, committed 12848K, reserved 1048576K
Event: 22.026 GC heap after
Heap after GC invocations=32 (full 4):
 PSYoungGen      total 427520K, used 8671K [0x00000000d5580000, 0x00000000f2480000, 0x0000000100000000)
  eden space 380928K, 0% used [0x00000000d5580000,0x00000000d5580000,0x00000000ec980000)
  from space 46592K, 18% used [0x00000000ef700000,0x00000000eff77e88,0x00000000f2480000)
  to   space 46592K, 0% used [0x00000000ec980000,0x00000000ec980000,0x00000000ef700000)
 ParOldGen       total 268288K, used 169737K [0x0000000080000000, 0x0000000090600000, 0x00000000d5580000)
  object space 268288K, 63% used [0x0000000080000000,0x000000008a5c24b8,0x0000000090600000)
 Metaspace       used 85081K, capacity 89636K, committed 91928K, reserved 1128448K
  class space    used 11425K, capacity 12271K, committed 12848K, reserved 1048576K
}
Event: 22.818 GC heap before
{Heap before GC invocations=33 (full 4):
 PSYoungGen      total 427520K, used 389599K [0x00000000d5580000, 0x00000000f2480000, 0x0000000100000000)
  eden space 380928K, 100% used [0x00000000d5580000,0x00000000ec980000,0x00000000ec980000)
  from space 46592K, 18% used [0x00000000ef700000,0x00000000eff77e88,0x00000000f2480000)
  to   space 46592K, 0% used [0x00000000ec980000,0x00000000ec980000,0x00000000ef700000)
 ParOldGen       total 268288K, used 169737K [0x0000000080000000, 0x0000000090600000, 0x00000000d5580000)
  object space 268288K, 63% used [0x0000000080000000,0x000000008a5c24b8,0x0000000090600000)
 Metaspace       used 85113K, capacity 89640K, committed 91928K, reserved 1128448K
  class space    used 11425K, capacity 12271K, committed 12848K, reserved 1048576K
Event: 22.836 GC heap after
Heap after GC invocations=33 (full 4):
 PSYoungGen      total 427520K, used 9527K [0x00000000d5580000, 0x00000000f2480000, 0x0000000100000000)
  eden space 380928K, 0% used [0x00000000d5580000,0x00000000d5580000,0x00000000ec980000)
  from space 46592K, 20% used [0x00000000ec980000,0x00000000ed2cde50,0x00000000ef700000)
  to   space 46592K, 0% used [0x00000000ef700000,0x00000000ef700000,0x00000000f2480000)
 ParOldGen       total 268288K, used 175945K [0x0000000080000000, 0x0000000090600000, 0x00000000d5580000)
  object space 268288K, 65% used [0x0000000080000000,0x000000008abd2560,0x0000000090600000)
 Metaspace       used 85113K, capacity 89640K, committed 91928K, reserved 1128448K
  class space    used 11425K, capacity 12271K, committed 12848K, reserved 1048576K
}

