# JRE version: OpenJDK Runtime Environment (8.0_242-b01) (build 1.8.0_242-release-1644-b01)
# Java VM: OpenJDK 64-Bit Server VM (25.242-b01 mixed mode windows-amd64 compressed oops)
Heap:
 PSYoungGen      total 194048K, used 86691K [0x00000000d5580000, 0x00000000e3080000, 0x0000000100000000)
  eden space 167936K, 36% used [0x00000000d5580000,0x00000000d90abdd0,0x00000000df980000)
  from space 26112K, 99% used [0x00000000df980000,0x00000000e12fd048,0x00000000e1300000)
  to   space 20480K, 0% used [0x00000000e1300000,0x00000000e1300000,0x00000000e2700000)
 ParOldGen       total 148480K, used 49231K [0x0000000080000000, 0x0000000089100000, 0x00000000d5580000)
  object space 148480K, 33% used [0x0000000080000000,0x0000000083013d18,0x0000000089100000)
 Metaspace       used 74599K, capacity 78366K, committed 78488K, reserved 1116160K
  class space    used 10138K, capacity 10834K, committed 10928K, reserved 1048576K
GC Heap History (10 events):
Event: 8.062 GC heap before
{Heap before GC invocations=14 (full 2):
 PSYoungGen      total 141824K, used 89365K [0x00000000d5580000, 0x00000000e0c00000, 0x0000000100000000)
  eden space 130048K, 59% used [0x00000000d5580000,0x00000000da1484d8,0x00000000dd480000)
  from space 11776K, 99% used [0x00000000dd480000,0x00000000ddffd300,0x00000000de000000)
  to   space 16384K, 0% used [0x00000000dfc00000,0x00000000dfc00000,0x00000000e0c00000)
 ParOldGen       total 93184K, used 23655K [0x0000000080000000, 0x0000000085b00000, 0x00000000d5580000)
  object space 93184K, 25% used [0x0000000080000000,0x0000000081719c58,0x0000000085b00000)
 Metaspace       used 56756K, capacity 59116K, committed 59160K, reserved 1099776K
  class space    used 7771K, capacity 8237K, committed 8240K, reserved 1048576K
Event: 8.083 GC heap after
Heap after GC invocations=14 (full 2):
 PSYoungGen      total 166400K, used 16380K [0x00000000d5580000, 0x00000000e1b80000, 0x0000000100000000)
  eden space 150016K, 0% used [0x00000000d5580000,0x00000000d5580000,0x00000000de800000)
  from space 16384K, 99% used [0x00000000dfc00000,0x00000000e0bff300,0x00000000e0c00000)
  to   space 20480K, 0% used [0x00000000de800000,0x00000000de800000,0x00000000dfc00000)
 ParOldGen       total 93184K, used 28114K [0x0000000080000000, 0x0000000085b00000, 0x00000000d5580000)
  object space 93184K, 30% used [0x0000000080000000,0x0000000081b74950,0x0000000085b00000)
 Metaspace       used 56756K, capacity 59116K, committed 59160K, reserved 1099776K
  class space    used 7771K, capacity 8237K, committed 8240K, reserved 1048576K
}
Event: 8.083 GC heap before
{Heap before GC invocations=15 (full 3):
 PSYoungGen      total 166400K, used 16380K [0x00000000d5580000, 0x00000000e1b80000, 0x0000000100000000)
  eden space 150016K, 0% used [0x00000000d5580000,0x00000000d5580000,0x00000000de800000)
  from space 16384K, 99% used [0x00000000dfc00000,0x00000000e0bff300,0x00000000e0c00000)
  to   space 20480K, 0% used [0x00000000de800000,0x00000000de800000,0x00000000dfc00000)
 ParOldGen       total 93184K, used 28114K [0x0000000080000000, 0x0000000085b00000, 0x00000000d5580000)
  object space 93184K, 30% used [0x0000000080000000,0x0000000081b74950,0x0000000085b00000)
 Metaspace       used 56756K, capacity 59116K, committed 59160K, reserved 1099776K
  class space    used 7771K, capacity 8237K, committed 8240K, reserved 1048576K
Event: 8.347 GC heap after
Heap after GC invocations=15 (full 3):
 PSYoungGen      total 166400K, used 0K [0x00000000d5580000, 0x00000000e1b80000, 0x0000000100000000)
  eden space 150016K, 0% used [0x00000000d5580000,0x00000000d5580000,0x00000000de800000)
  from space 16384K, 0% used [0x00000000dfc00000,0x00000000dfc00000,0x00000000e0c00000)
  to   space 20480K, 0% used [0x00000000de800000,0x00000000de800000,0x00000000dfc00000)
 ParOldGen       total 148480K, used 33748K [0x0000000080000000, 0x0000000089100000, 0x00000000d5580000)
  object space 148480K, 22% used [0x0000000080000000,0x00000000820f52c8,0x0000000089100000)
 Metaspace       used 56735K, capacity 59044K, committed 59160K, reserved 1099776K
  class space    used 7764K, capacity 8225K, committed 8240K, reserved 1048576K
}
Event: 12.032 GC heap before
{Heap before GC invocations=16 (full 3):
 PSYoungGen      total 166400K, used 150016K [0x00000000d5580000, 0x00000000e1b80000, 0x0000000100000000)
  eden space 150016K, 100% used [0x00000000d5580000,0x00000000de800000,0x00000000de800000)
  from space 16384K, 0% used [0x00000000dfc00000,0x00000000dfc00000,0x00000000e0c00000)
  to   space 20480K, 0% used [0x00000000de800000,0x00000000de800000,0x00000000dfc00000)
 ParOldGen       total 148480K, used 33748K [0x0000000080000000, 0x0000000089100000, 0x00000000d5580000)
  object space 148480K, 22% used [0x0000000080000000,0x00000000820f52c8,0x0000000089100000)
 Metaspace       used 63286K, capacity 66414K, committed 66456K, reserved 1105920K
  class space    used 8780K, capacity 9368K, committed 9392K, reserved 1048576K
Event: 12.048 GC heap after
Heap after GC invocations=16 (full 3):
 PSYoungGen      total 170496K, used 13722K [0x00000000d5580000, 0x00000000e2700000, 0x0000000100000000)
  eden space 150016K, 0% used [0x00000000d5580000,0x00000000d5580000,0x00000000de800000)
  from space 20480K, 67% used [0x00000000de800000,0x00000000df566a18,0x00000000dfc00000)
  to   space 20480K, 0% used [0x00000000e1300000,0x00000000e1300000,0x00000000e2700000)
 ParOldGen       total 148480K, used 33756K [0x0000000080000000, 0x0000000089100000, 0x00000000d5580000)
  object space 148480K, 22% used [0x0000000080000000,0x00000000820f72c8,0x0000000089100000)
 Metaspace       used 63286K, capacity 66414K, committed 66456K, reserved 1105920K
  class space    used 8780K, capacity 9368K, committed 9392K, reserved 1048576K
}
Event: 14.854 GC heap before
{Heap before GC invocations=17 (full 3):
 PSYoungGen      total 170496K, used 163738K [0x00000000d5580000, 0x00000000e2700000, 0x0000000100000000)
  eden space 150016K, 100% used [0x00000000d5580000,0x00000000de800000,0x00000000de800000)
  from space 20480K, 67% used [0x00000000de800000,0x00000000df566a18,0x00000000dfc00000)
  to   space 20480K, 0% used [0x00000000e1300000,0x00000000e1300000,0x00000000e2700000)
 ParOldGen       total 148480K, used 33756K [0x0000000080000000, 0x0000000089100000, 0x00000000d5580000)
  object space 148480K, 22% used [0x0000000080000000,0x00000000820f72c8,0x0000000089100000)
 Metaspace       used 67765K, capacity 70988K, committed 71320K, reserved 1110016K
  class space    used 9230K, capacity 9833K, committed 9904K, reserved 1048576K
Event: 14.876 GC heap after
Heap after GC invocations=17 (full 3):
 PSYoungGen      total 188416K, used 20467K [0x00000000d5580000, 0x00000000e3080000, 0x0000000100000000)
  eden space 167936K, 0% used [0x00000000d5580000,0x00000000d5580000,0x00000000df980000)
  from space 20480K, 99% used [0x00000000e1300000,0x00000000e26fcf98,0x00000000e2700000)
  to   space 26112K, 0% used [0x00000000df980000,0x00000000df980000,0x00000000e1300000)
 ParOldGen       total 148480K, used 40874K [0x0000000080000000, 0x0000000089100000, 0x00000000d5580000)
  object space 148480K, 27% used [0x0000000080000000,0x00000000827ea908,0x0000000089100000)
 Metaspace       used 67765K, capacity 70988K, committed 71320K, reserved 1110016K
  class space    used 9230K, capacity 9833K, committed 9904K, reserved 1048576K
}
Event: 18.113 GC heap before
{Heap before GC invocations=18 (full 3):
 PSYoungGen      total 188416K, used 188403K [0x00000000d5580000, 0x00000000e3080000, 0x0000000100000000)
  eden space 167936K, 100% used [0x00000000d5580000,0x00000000df980000,0x00000000df980000)
  from space 20480K, 99% used [0x00000000e1300000,0x00000000e26fcf98,0x00000000e2700000)
  to   space 26112K, 0% used [0x00000000df980000,0x00000000df980000,0x00000000e1300000)
 ParOldGen       total 148480K, used 40874K [0x0000000080000000, 0x0000000089100000, 0x00000000d5580000)
  object space 148480K, 27% used [0x0000000080000000,0x00000000827ea908,0x0000000089100000)
 Metaspace       used 72653K, capacity 76192K, committed 76312K, reserved 1116160K
  class space    used 9836K, capacity 10515K, committed 10544K, reserved 1048576K
Event: 18.138 GC heap after
Heap after GC invocations=18 (full 3):
 PSYoungGen      total 194048K, used 26100K [0x00000000d5580000, 0x00000000e3080000, 0x0000000100000000)
  eden space 167936K, 0% used [0x00000000d5580000,0x00000000d5580000,0x00000000df980000)
  from space 26112K, 99% used [0x00000000df980000,0x00000000e12fd048,0x00000000e1300000)
  to   space 20480K, 0% used [0x00000000e1300000,0x00000000e1300000,0x00000000e2700000)
 ParOldGen       total 148480K, used 49231K [0x0000000080000000, 0x0000000089100000, 0x00000000d5580000)
  object space 148480K, 33% used [0x0000000080000000,0x0000000083013d18,0x0000000089100000)
 Metaspace       used 72653K, capacity 76192K, committed 76312K, reserved 1116160K
  class space    used 9836K, capacity 10515K, committed 10544K, reserved 1048576K
}

